<beans xmlns="http://www.springframework.org/schema/beans"
	xmlns:xsi="http://www.w3.org/2001/XMLSchema-instance"
	xsi:schemaLocation="http://www.springframework.org/schema/beans http://www.springframework.org/schema/beans/spring-beans-2.5.xsd">

	<bean
		class="org.springframework.beans.factory.config.PropertyPlaceholderConfigurer">
	</bean>

	<bean id="TaskExecutionService"
		class="org.dkpro.lab.engine.impl.DefaultTaskExecutionService">
		<property name="mappingDescriptors" value="classpath*:META-INF/lab/engines.properties" />
		<property name="contextFactory" ref="TaskContextFactory" />
	</bean>

	<bean id="LoggingService"
		class="org.dkpro.lab.logging.impl.DefaultLoggingService">
	</bean>

	<bean id="StorageService"
		class="org.dkpro.lab.storage.filesystem.FileSystemStorageService">
		<property name="storageRoot"
			value="target/repository"></property>
	</bean>

	<bean id="TaskContextFactory"
		class="org.dkpro.lab.engine.impl.DefaultTaskContextFactory">
		<property name="storageService" ref="StorageService" />
		<property name="loggingService" ref="LoggingService" />
		<property name="lifeCycleManager" ref="LifeCycleManager"/>
		<property name="executionService" ref="TaskExecutionService"/>
	</bean>

	<bean id="LifeCycleManager"
		class="org.dkpro.lab.engine.impl.DefaultLifeCycleManager">
	</bean>
</beans>
